11 [22717357574016] INFO perfrun.launcher <> - Launcher main begin
41 [22717357574016] INFO perfrun.launcher <> - MessageCatalogInit finished
41 [22717357574016] INFO perfrun.launcher <> - Launcher instance created
41 [22717357574016] INFO perfrun.launcher <> - argc = 7; cmdline = /shared/courseSharedFolders/161588outer/161588/spack/opt/spack/linux-cascadelake/intel-oneapi-vtune-2025.8.0-2fhxzmrojvty4kvv5fwfu6e75tpupkda/vtune/2025.8/bin64/amplxe-runss --ui-output-format xml --ui-output-fd 6 --option-file /shared/home/brl399/project-brl399/openmp/vtune_threading/config/runss.options 
121 [22717357574016] INFO perfrun.perfcollector <> - SEP tool path: /shared/courseSharedFolders/161588outer/161588/spack/opt/spack/linux-cascadelake/intel-oneapi-vtune-2025.8.0-2fhxzmrojvty4kvv5fwfu6e75tpupkda/vtune/2025.8/bin64/sep
128 [22717357574016] INFO perfrun.launcher <> - create msngr2::ICliToolContext
128 [22717357574016] INFO perfrun.launcher <> - create file finder object
129 [22717357574016] INFO perfrun.launcher <> - create a result directory: pattern = /shared/home/brl399/project-brl399/openmp/vtune_threading pid = 4294967295
139 [22717357574016] INFO perfrun.sdk <> - checked that the directory /shared/home/brl399/project-brl399/openmp/vtune_threading is a local directory
140 [22717357574016] INFO perfrun.sdk <> - the directory /shared/home/brl399/project-brl399/openmp/vtune_threading is located on a share or its FS ID is unknown 26985
140 [22717357574016] INFO perfrun.sdk <> - checked that the directory /tmp/amplxe-tmp-brl399 is a local directory
140 [22717357574016] INFO perfrun.sdk <> - the directory /tmp/amplxe-tmp-brl399 is a local directory with FS type ID 16914836
140 [22717357574016] INFO perfrun.launcher <> - Create a local result directory /tmp/amplxe-tmp-brl399/amplxe-res-178572-72386217750038 due to the user result path /shared/home/brl399/project-brl399/openmp/vtune_threading is located on a share
140 [22717357574016] INFO perfrun.launcher <> - create data directory = /tmp/amplxe-tmp-brl399/amplxe-res-178572-72386217750038/data.0
145 [22717357574016] INFO perfrun.launcher <> - create data directory = /shared/home/brl399/project-brl399/openmp/vtune_threading/data.0
156 [22717357574016] INFO perfrun.launcher <> - Creating the master collection flag
189 [22717357574016] INFO perfrun.launcher <> - Done creating the master collection flag
192 [22717335733824] INFO perfrun.launcher <> - plugin [remoteplug] was disabled because it doesn't support the given collection type.
193 [22717335733824] INFO perfrun.sdk <> - Allocating TMU :/tmp/amplxe-tmp-brl399/amplxe-res-178572-72386217750038/data.0/systemcollector-178572-general-dy-general-cr-21.sc
193 [22717335733824] INFO perfrun.system <> - Tpss based collection
193 [22717335733824] INFO perfrun.launcher <> - plugin [ptracecollector] was disabled because it doesn't support the given collection type.
193 [22717335733824] INFO perfrun.launcher <> - plugin [gpu] was disabled because it doesn't support the given collection type.
193 [22717335733824] INFO perfrun.launcher <> - plugin [] was disabled because it doesn't support the given collection type.
193 [22717335733824] INFO perfrun.launcher <> - plugin [] was disabled because it doesn't support the given collection type.
193 [22717335733824] INFO perfrun.launcher <> - plugin [] was disabled because it doesn't support the given collection type.
193 [22717335733824] INFO perfrun.mrte <> - system-wide mode is 0
193 [22717335733824] INFO perfrun.mrte <> - Getting  mrte profiling environment ...
472 [22717335733824] INFO perfrun.mrte <> - INTEL_MRTE_DATA_DIR=/tmp/amplxe-tmp-brl399/amplxe-res-178572-72386217750038/data.0
472 [22717335733824] INFO perfrun.mrte <> - INTEL_MRTE_HOST_NAME=general-dy-general-cr-21
472 [22717335733824] INFO perfrun.mrte <> - JAVA_TOOL_OPTIONS=-agentlib:amplxe_samplingmrte_javaprof_1.0 -Dsun.boot.library.path=/shared/courseSharedFolders/161588outer/161588/spack/opt/spack/linux-cascadelake/intel-oneapi-vtune-2025.8.0-2fhxzmrojvty4kvv5fwfu6e75tpupkda/vtune/2025.8/lib32/runtime:/shared/courseSharedFolders/161588outer/161588/spack/opt/spack/linux-cascadelake/intel-oneapi-vtune-2025.8.0-2fhxzmrojvty4kvv5fwfu6e75tpupkda/vtune/2025.8/lib64/runtime
472 [22717335733824] INFO perfrun.mrte <> - LD_LIBRARY_PATH=/shared/courseSharedFolders/161588outer/161588/spack/opt/spack/linux-cascadelake/intel-oneapi-vtune-2025.8.0-2fhxzmrojvty4kvv5fwfu6e75tpupkda/vtune/2025.8/lib32/runtime:/shared/courseSharedFolders/161588outer/161588/spack/opt/spack/linux-cascadelake/intel-oneapi-vtune-2025.8.0-2fhxzmrojvty4kvv5fwfu6e75tpupkda/vtune/2025.8/lib64/runtime
472 [22717335733824] INFO perfrun.mrte <> - CORECLR_ENABLE_PROFILING=1
472 [22717335733824] INFO perfrun.mrte <> - CORECLR_PROFILER={AA5E4821-E3B1-479c-B7FF-5AD047D22CED}
472 [22717335733824] INFO perfrun.mrte <> - CORECLR_PROFILER_PATH=/shared/courseSharedFolders/161588outer/161588/spack/opt/spack/linux-cascadelake/intel-oneapi-vtune-2025.8.0-2fhxzmrojvty4kvv5fwfu6e75tpupkda/vtune/2025.8/lib64/libamplxe_samplingmrte_clrprof_1.0.so
472 [22717335733824] INFO perfrun.mrte <> - INTEL_MRTE_PROFILER_MODE=mixed
472 [22717335733824] INFO perfrun.mrte <> - Data directory: /tmp/amplxe-tmp-brl399/amplxe-res-178572-72386217750038/data.0
472 [22717335733824] INFO perfrun.mrte <> - Mrte plugin is initialized
472 [22717335733824] INFO perfrun.launcher <> - plugin [emon] was disabled because it doesn't support the given collection type.
472 [22717335733824] INFO perfrun.launcher <> - plugin [cuscol] was disabled because it doesn't support the given collection type.
472 [22717335733824] INFO perfrun.launcher <> - plugin [stdsrc] was disabled because it doesn't support the given collection type.
472 [22717335733824] INFO perfrun.launcher <> - plugin [sep] was disabled because it doesn't support the given collection type.
472 [22717335733824] INFO perfrun.launcher <> - plugin [vtsspp] was disabled because it doesn't support the given collection type.
472 [22717335733824] INFO perfrun.launcher <> - plugin [perf] was disabled because it doesn't support the given collection type.
472 [22717335733824] INFO perfrun.launcher <> - plugin [aoclprofile] was disabled because it doesn't support the given collection type.
472 [22717335733824] INFO perfrun.tpss <> - initialize tpss controller
472 [22717335733824] INFO perfrun.tpss <> - configure collection mode: value = cpu:stack
472 [22717335733824] INFO perfrun.tpss <> - configure collection mode: value = threading:stack
472 [22717335733824] INFO perfrun.tpss <> - configure collection mode: value = waiting:stack
472 [22717335733824] INFO perfrun.tpss <> - configure collection mode: value = io:stack
472 [22717335733824] INFO perfrun.tpss <> - default obj-size-min=1024
472 [22717335733824] INFO perfrun.tpss <> - default hash-table-size=0
472 [22717335733824] INFO perfrun.launcher <> - plugin [media] was disabled because it doesn't support the given collection type.
472 [22717335733824] INFO perfrun.launcher <> - plugin [] was disabled because it doesn't support the given collection type.
472 [22717335733824] INFO perfrun.launcher <> - plugin [] was disabled because it doesn't support the given collection type.
472 [22717335733824] INFO perfrun.launcher <> - plugin [parallelfs] was disabled because it doesn't support the given collection type.
472 [22717335733824] INFO perfrun.launcher <> - plugin [power] was disabled because it doesn't support the given collection type.
472 [22717335733824] INFO perfrun.launcher <> - plugin [] was disabled because it doesn't support the given collection type.
472 [22717335733824] INFO perfrun.launcher <> - plugin [] was disabled because it doesn't support the given collection type.
472 [22717335733824] INFO perfrun.launcher <> - plugin [] was disabled because it doesn't support the given collection type.
473 [22717335733824] INFO perfrun.launcher <> - plugin [l0_metrics] was disabled because it doesn't support the given collection type.
473 [22717335733824] INFO perfrun.launcher <> - plugin [stall_reasons] was disabled because it doesn't support the given collection type.
473 [22717357574016] INFO perfrun.launcher <> - set environment variable: LD_LIBRARY_PATH = /shared/courseSharedFolders/161588outer/161588/spack/opt/spack/linux-cascadelake/intel-oneapi-vtune-2025.8.0-2fhxzmrojvty4kvv5fwfu6e75tpupkda/vtune/2025.8/lib32/runtime:/shared/courseSharedFolders/161588outer/161588/spack/opt/spack/linux-cascadelake/intel-oneapi-vtune-2025.8.0-2fhxzmrojvty4kvv5fwfu6e75tpupkda/vtune/2025.8/lib64/runtime
473 [22717357574016] INFO perfrun.launcher <> - set environment variable: INTEL_LIBITTNOTIFY32 = /shared/courseSharedFolders/161588outer/161588/spack/opt/spack/linux-cascadelake/intel-oneapi-vtune-2025.8.0-2fhxzmrojvty4kvv5fwfu6e75tpupkda/vtune/2025.8/lib32/runtime/libittnotify_collector.so
473 [22717357574016] INFO perfrun.launcher <> - set environment variable: INTEL_LIBITTNOTIFY64 = /shared/courseSharedFolders/161588outer/161588/spack/opt/spack/linux-cascadelake/intel-oneapi-vtune-2025.8.0-2fhxzmrojvty4kvv5fwfu6e75tpupkda/vtune/2025.8/lib64/runtime/libittnotify_collector.so
473 [22717357574016] INFO perfrun.launcher <> - set environment variable: INTEL_ITTNOTIFY_GROUPS = 
473 [22717357574016] INFO perfrun.launcher <> - set environment variable: INTEL_JIT_PROFILER32 = /shared/courseSharedFolders/161588outer/161588/spack/opt/spack/linux-cascadelake/intel-oneapi-vtune-2025.8.0-2fhxzmrojvty4kvv5fwfu6e75tpupkda/vtune/2025.8/lib32/runtime/libittnotify_collector.so
473 [22717357574016] INFO perfrun.launcher <> - set environment variable: INTEL_JIT_PROFILER64 = /shared/courseSharedFolders/161588outer/161588/spack/opt/spack/linux-cascadelake/intel-oneapi-vtune-2025.8.0-2fhxzmrojvty4kvv5fwfu6e75tpupkda/vtune/2025.8/lib64/runtime/libittnotify_collector.so
473 [22717357574016] INFO perfrun.launcher <> - set environment variable: OMP_TOOL_LIBRARIES = /shared/courseSharedFolders/161588outer/161588/spack/opt/spack/linux-cascadelake/intel-oneapi-vtune-2025.8.0-2fhxzmrojvty4kvv5fwfu6e75tpupkda/vtune/2025.8/lib32/runtime/libittnotify_collector.so:/shared/courseSharedFolders/161588outer/161588/spack/opt/spack/linux-cascadelake/intel-oneapi-vtune-2025.8.0-2fhxzmrojvty4kvv5fwfu6e75tpupkda/vtune/2025.8/lib64/runtime/libittnotify_collector.so
473 [22717357574016] INFO perfrun.launcher <> - set environment variable: CCL_ITT_LEVEL = 1
473 [22717357574016] INFO perfrun.launcher <> - set environment variable: ENABLE_JITPROFILING = 1
473 [22717357574016] INFO perfrun.launcher <> - set environment variable: CL_CONFIG_USE_VTUNE = True
473 [22717357574016] INFO perfrun.launcher <> - set environment variable: INTEL_MRTE_DATA_DIR = /tmp/amplxe-tmp-brl399/amplxe-res-178572-72386217750038/data.0
473 [22717357574016] INFO perfrun.launcher <> - set environment variable: INTEL_MRTE_HOST_NAME = general-dy-general-cr-21
473 [22717357574016] INFO perfrun.launcher <> - set environment variable: JAVA_TOOL_OPTIONS = -agentlib:amplxe_samplingmrte_javaprof_1.0 -Dsun.boot.library.path=/shared/courseSharedFolders/161588outer/161588/spack/opt/spack/linux-cascadelake/intel-oneapi-vtune-2025.8.0-2fhxzmrojvty4kvv5fwfu6e75tpupkda/vtune/2025.8/lib32/runtime:/shared/courseSharedFolders/161588outer/161588/spack/opt/spack/linux-cascadelake/intel-oneapi-vtune-2025.8.0-2fhxzmrojvty4kvv5fwfu6e75tpupkda/vtune/2025.8/lib64/runtime
473 [22717357574016] INFO perfrun.launcher <> - set environment variable: LD_LIBRARY_PATH = /shared/courseSharedFolders/161588outer/161588/spack/opt/spack/linux-cascadelake/intel-oneapi-vtune-2025.8.0-2fhxzmrojvty4kvv5fwfu6e75tpupkda/vtune/2025.8/lib32/runtime:/shared/courseSharedFolders/161588outer/161588/spack/opt/spack/linux-cascadelake/intel-oneapi-vtune-2025.8.0-2fhxzmrojvty4kvv5fwfu6e75tpupkda/vtune/2025.8/lib64/runtime
473 [22717357574016] INFO perfrun.launcher <> - set environment variable: CORECLR_ENABLE_PROFILING = 1
473 [22717357574016] INFO perfrun.launcher <> - set environment variable: CORECLR_PROFILER = {AA5E4821-E3B1-479c-B7FF-5AD047D22CED}
473 [22717357574016] INFO perfrun.launcher <> - set environment variable: CORECLR_PROFILER_PATH = /shared/courseSharedFolders/161588outer/161588/spack/opt/spack/linux-cascadelake/intel-oneapi-vtune-2025.8.0-2fhxzmrojvty4kvv5fwfu6e75tpupkda/vtune/2025.8/lib64/libamplxe_samplingmrte_clrprof_1.0.so
473 [22717357574016] INFO perfrun.launcher <> - set environment variable: INTEL_MRTE_PROFILER_MODE = mixed
473 [22717357574016] INFO perfrun.launcher <> - RpcServer: run RPC server to handle requests
482 [22717357574016] INFO perfrun.launcher <> - Launcher: command line to start before modification = ./cholesky_openmp 1024 3
484 [22717357574016] INFO perfrun.launcher <> - Launcher: command line to start after modification = /shared/courseSharedFolders/161588outer/161588/spack/opt/spack/linux-cascadelake/intel-oneapi-vtune-2025.8.0-2fhxzmrojvty4kvv5fwfu6e75tpupkda/vtune/2025.8/bin64/pin -error_file /tmp/amplxe-tmp-brl399/amplxe-res-178572-72386217750038/data.0/pinerr.tpsslog -detach_reattach -follow_execv -tool_load_option deepbind -t64 /shared/courseSharedFolders/161588outer/161588/spack/opt/spack/linux-cascadelake/intel-oneapi-vtune-2025.8.0-2fhxzmrojvty4kvv5fwfu6e75tpupkda/vtune/2025.8/lib64/libtpsstool.so -t /shared/courseSharedFolders/161588outer/161588/spack/opt/spack/linux-cascadelake/intel-oneapi-vtune-2025.8.0-2fhxzmrojvty4kvv5fwfu6e75tpupkda/vtune/2025.8/lib32/libtpsstool.so -server_name tpss_ipc.178572 -prd_dir /shared/courseSharedFolders/161588outer/161588/spack/opt/spack/linux-cascadelake/intel-oneapi-vtune-2025.8.0-2fhxzmrojvty4kvv5fwfu6e75tpupkda/vtune/2025.8 -- ./cholesky_openmp 1024 3
484 [22717357574016] INFO perfrun.launcher <> - ProcessCreator object was created
485 [22717357574016] INFO perfrun.launcher <> - Launcher: the process was started in suspend mode
488 [22717335733824] WARN perfrun.system <> - Could not do anything with /sys/kernel/debug/kvm: boost::filesystem::status: Permission denied [system:13]: "/sys/kernel/debug/kvm", at file: vcs/perfrun1/plugins/system/src/trace_writer.cpp:791
488 [22717335733824] WARN perfrun.system <> - Folder "/var/run/libvirt/qemu/"doesn't exist, at file: vcs/perfrun1/plugins/system/src/trace_writer.cpp:804
491 [22717335733824] WARN perfrun.sdk <> - Failed to find xl binary on any of the system paths: /bin, /sbin, /usr/bin, /usr/sbin., at file: vcs/perfrun1/sdk/src/utils.cpp:205
491 [22717335733824] WARN perfrun.system <> - Could not start ContainerMapping collector, at file: vcs/perfrun1/plugins/system/src/controller.cpp:450
505 [22717335733824] INFO perfrun.vdso <> - Helper runtool '/shared/courseSharedFolders/161588outer/161588/spack/opt/spack/linux-cascadelake/intel-oneapi-vtune-2025.8.0-2fhxzmrojvty4kvv5fwfu6e75tpupkda/vtune/2025.8/bin32/amplxe-runss -dump-vdso -r /tmp/amplxe-tmp-brl399/amplxe-res-178572-72386217750038 --tmp-dir /tmp/amplxe-tmp-brl399' returned 1
709 [22717335733824] INFO perfrun.vdso <> - Helper runtool '/shared/courseSharedFolders/161588outer/161588/spack/opt/spack/linux-cascadelake/intel-oneapi-vtune-2025.8.0-2fhxzmrojvty4kvv5fwfu6e75tpupkda/vtune/2025.8/bin64/amplxe-runss -dump-vdso -r /tmp/amplxe-tmp-brl399/amplxe-res-178572-72386217750038 --tmp-dir /tmp/amplxe-tmp-brl399' returned 0
709 [22717335733824] INFO perfrun.itt <> - start itt controller for pid #178583
710 [22717335733824] INFO perfrun.tpss <> - start tpss controller for pid #178583
760 [22717357574016] INFO perfrun.launcher <> - Launcher: all plugins were started
760 [22717357574016] INFO perfrun.launcher <> - DirectoryMonitor object was created
760 [22717357574016] INFO perfrun.launcher <> - DirectoryMonitor: a callback was added
760 [22717357574016] INFO perfrun.launcher <> - DirectoryMonitor was started with pingTime = 1000
760 [22717357574016] INFO perfrun.launcher <> - DeadlineTimer is going to be constructed
760 [22717357574016] INFO perfrun.launcher <> - DeadlineTimer: a callback was added
796 [22717357574016] INFO perfrun.launcher <> - Launcher: resume the profiled application and  wait its termination or stop command
12330 [22717357574016] INFO perfrun.launcher <> - Launcher: the profiled application was terminated  with exit code = 0
12339 [22717335733824] INFO perfrun.itt <> - detach itt controller
12339 [22717335733824] INFO perfrun.itt <> - detach itt controller done
12339 [22717335733824] INFO perfrun.tpss <> - stop tpss controller
12340 [22717335733824] INFO perfrun.sdk <> - De-allocating TMU: /tmp/amplxe-tmp-brl399/amplxe-res-178572-72386217750038/data.0/systemcollector-178572-general-dy-general-cr-21.sc
12340 [22717335733824] INFO perfrun.system <> - closed the system trace file: /tmp/amplxe-tmp-brl399/amplxe-res-178572-72386217750038/data.0/systemcollector-178572-general-dy-general-cr-21.sc
12340 [22717357574016] INFO perfrun.launcher <> - Launcher: all plugins were stopped.
12340 [22717357574016] INFO perfrun.launcher <> - DeadlineTimer is going to be destroyed
12340 [22717357574016] INFO perfrun.launcher <> - DeadlineTimer was destroyed
12340 [22717357574016] INFO perfrun.launcher <> - DirectoryMonitor object was destroyed
12340 [22717357574016] WARN perfrun.launcher <> - Stop command is ignored because it is received when collection is already stopped, at file: vcs/perfrun1/launcher/src/command_handler.cpp:226
12952 [22717357574016] INFO perfrun.launcher <> - Application exit code: 0
12952 [22717357574016] INFO perfrun.launcher <> - Exit code: 0
