10 [23238413450176] INFO perfrun.launcher <> - Launcher main begin
40 [23238413450176] INFO perfrun.launcher <> - MessageCatalogInit finished
40 [23238413450176] INFO perfrun.launcher <> - Launcher instance created
40 [23238413450176] INFO perfrun.launcher <> - argc = 6; cmdline = /shared/courseSharedFolders/161588outer/161588/spack/opt/spack/linux-cascadelake/intel-oneapi-vtune-2025.8.0-2fhxzmrojvty4kvv5fwfu6e75tpupkda/vtune/2025.8/bin64/amplxe-runss -dump-vdso -r /tmp/amplxe-tmp-brl399/amplxe-res-178572-72386217750038 --tmp-dir /tmp/amplxe-tmp-brl399 
119 [23238413450176] INFO perfrun.perfcollector <> - SEP tool path: /shared/courseSharedFolders/161588outer/161588/spack/opt/spack/linux-cascadelake/intel-oneapi-vtune-2025.8.0-2fhxzmrojvty4kvv5fwfu6e75tpupkda/vtune/2025.8/bin64/sep
123 [23238413450176] INFO perfrun.launcher <> - create msngr2::ICliToolContext
123 [23238413450176] INFO perfrun.launcher <> - create file finder object
126 [23238392022592] INFO perfrun.launcher <> - plugin [remoteplug] was disabled because it doesn't support the given collection type.
126 [23238392022592] INFO perfrun.launcher <> - plugin [system] was disabled because it doesn't support the given collection type.
126 [23238392022592] INFO perfrun.vdso <> - dumping [vdso] pseudomodule
127 [23238392022592] INFO perfrun.launcher <> - plugin [itt] was disabled because it doesn't support the given collection type.
127 [23238392022592] INFO perfrun.launcher <> - plugin [ptracecollector] was disabled because it doesn't support the given collection type.
127 [23238392022592] INFO perfrun.launcher <> - plugin [gpu] was disabled because it doesn't support the given collection type.
127 [23238392022592] INFO perfrun.launcher <> - plugin [] was disabled because it doesn't support the given collection type.
127 [23238392022592] INFO perfrun.launcher <> - plugin [] was disabled because it doesn't support the given collection type.
127 [23238392022592] INFO perfrun.launcher <> - plugin [] was disabled because it doesn't support the given collection type.
127 [23238392022592] INFO perfrun.launcher <> - plugin [mrte] was disabled because it doesn't support the given collection type.
127 [23238392022592] INFO perfrun.launcher <> - plugin [emon] was disabled because it doesn't support the given collection type.
127 [23238392022592] INFO perfrun.launcher <> - plugin [cuscol] was disabled because it doesn't support the given collection type.
127 [23238392022592] INFO perfrun.launcher <> - plugin [stdsrc] was disabled because it doesn't support the given collection type.
127 [23238392022592] INFO perfrun.launcher <> - plugin [sep] was disabled because it doesn't support the given collection type.
127 [23238392022592] INFO perfrun.launcher <> - plugin [vtsspp] was disabled because it doesn't support the given collection type.
127 [23238392022592] INFO perfrun.launcher <> - plugin [perf] was disabled because it doesn't support the given collection type.
127 [23238392022592] INFO perfrun.launcher <> - plugin [aoclprofile] was disabled because it doesn't support the given collection type.
127 [23238392022592] INFO perfrun.launcher <> - plugin [tpss] was disabled because it doesn't support the given collection type.
127 [23238392022592] INFO perfrun.launcher <> - plugin [media] was disabled because it doesn't support the given collection type.
127 [23238392022592] INFO perfrun.launcher <> - plugin [] was disabled because it doesn't support the given collection type.
127 [23238392022592] INFO perfrun.launcher <> - plugin [] was disabled because it doesn't support the given collection type.
127 [23238392022592] INFO perfrun.launcher <> - plugin [parallelfs] was disabled because it doesn't support the given collection type.
127 [23238392022592] INFO perfrun.launcher <> - plugin [power] was disabled because it doesn't support the given collection type.
127 [23238392022592] INFO perfrun.launcher <> - plugin [] was disabled because it doesn't support the given collection type.
127 [23238392022592] INFO perfrun.launcher <> - plugin [] was disabled because it doesn't support the given collection type.
127 [23238392022592] INFO perfrun.launcher <> - plugin [] was disabled because it doesn't support the given collection type.
127 [23238392022592] INFO perfrun.launcher <> - plugin [l0_metrics] was disabled because it doesn't support the given collection type.
127 [23238392022592] INFO perfrun.launcher <> - plugin [stall_reasons] was disabled because it doesn't support the given collection type.
127 [23238413450176] INFO perfrun.launcher <> - Application exit code: 0
127 [23238413450176] INFO perfrun.launcher <> - Exit code: 0
