14 [22567705741184] INFO perfrun.launcher <> - Launcher main begin
44 [22567705741184] INFO perfrun.launcher <> - MessageCatalogInit finished
44 [22567705741184] INFO perfrun.launcher <> - Launcher instance created
44 [22567705741184] INFO perfrun.launcher <> - argc = 7; cmdline = /shared/courseSharedFolders/161588outer/161588/spack/opt/spack/linux-cascadelake/intel-oneapi-vtune-2025.8.0-2fhxzmrojvty4kvv5fwfu6e75tpupkda/vtune/2025.8/bin64/amplxe-runss --ui-output-format xml --ui-output-fd 6 --option-file /shared/home/brl399/project-brl399/openmp/vtune_hotspots/config/runss.options 
123 [22567705741184] INFO perfrun.perfcollector <> - SEP tool path: /shared/courseSharedFolders/161588outer/161588/spack/opt/spack/linux-cascadelake/intel-oneapi-vtune-2025.8.0-2fhxzmrojvty4kvv5fwfu6e75tpupkda/vtune/2025.8/bin64/sep
130 [22567705741184] INFO perfrun.launcher <> - create msngr2::ICliToolContext
130 [22567705741184] INFO perfrun.launcher <> - create file finder object
130 [22567705741184] INFO perfrun.launcher <> - create a result directory: pattern = /shared/home/brl399/project-brl399/openmp/vtune_hotspots pid = 4294967295
140 [22567705741184] INFO perfrun.sdk <> - checked that the directory /shared/home/brl399/project-brl399/openmp/vtune_hotspots is a local directory
143 [22567705741184] INFO perfrun.sdk <> - the directory /shared/home/brl399/project-brl399/openmp/vtune_hotspots is located on a share or its FS ID is unknown 26985
143 [22567705741184] INFO perfrun.sdk <> - checked that the directory /tmp/amplxe-tmp-brl399 is a local directory
143 [22567705741184] INFO perfrun.sdk <> - the directory /tmp/amplxe-tmp-brl399 is a local directory with FS type ID 16914836
143 [22567705741184] INFO perfrun.launcher <> - Create a local result directory /tmp/amplxe-tmp-brl399/amplxe-res-178442-72270724702716 due to the user result path /shared/home/brl399/project-brl399/openmp/vtune_hotspots is located on a share
143 [22567705741184] INFO perfrun.launcher <> - create data directory = /tmp/amplxe-tmp-brl399/amplxe-res-178442-72270724702716/data.0
149 [22567705741184] INFO perfrun.launcher <> - create data directory = /shared/home/brl399/project-brl399/openmp/vtune_hotspots/data.0
159 [22567705741184] INFO perfrun.launcher <> - Creating the master collection flag
193 [22567705741184] INFO perfrun.launcher <> - Done creating the master collection flag
196 [22567693452864] INFO perfrun.launcher <> - plugin [remoteplug] was disabled because it doesn't support the given collection type.
197 [22567693452864] INFO perfrun.sdk <> - Allocating TMU :/tmp/amplxe-tmp-brl399/amplxe-res-178442-72270724702716/data.0/systemcollector-178442-general-dy-general-cr-21.sc
197 [22567693452864] INFO perfrun.system <> - Tpss based collection
197 [22567693452864] INFO perfrun.launcher <> - plugin [ptracecollector] was disabled because it doesn't support the given collection type.
197 [22567693452864] INFO perfrun.launcher <> - plugin [gpu] was disabled because it doesn't support the given collection type.
197 [22567693452864] INFO perfrun.launcher <> - plugin [] was disabled because it doesn't support the given collection type.
197 [22567693452864] INFO perfrun.launcher <> - plugin [] was disabled because it doesn't support the given collection type.
197 [22567693452864] INFO perfrun.launcher <> - plugin [] was disabled because it doesn't support the given collection type.
197 [22567693452864] INFO perfrun.mrte <> - system-wide mode is 0
197 [22567693452864] INFO perfrun.mrte <> - Getting  mrte profiling environment ...
649 [22567693452864] INFO perfrun.mrte <> - INTEL_MRTE_DATA_DIR=/tmp/amplxe-tmp-brl399/amplxe-res-178442-72270724702716/data.0
649 [22567693452864] INFO perfrun.mrte <> - INTEL_MRTE_HOST_NAME=general-dy-general-cr-21
649 [22567693452864] INFO perfrun.mrte <> - JAVA_TOOL_OPTIONS=-agentlib:amplxe_samplingmrte_javaprof_1.0 -Dsun.boot.library.path=/shared/courseSharedFolders/161588outer/161588/spack/opt/spack/linux-cascadelake/intel-oneapi-vtune-2025.8.0-2fhxzmrojvty4kvv5fwfu6e75tpupkda/vtune/2025.8/lib32/runtime:/shared/courseSharedFolders/161588outer/161588/spack/opt/spack/linux-cascadelake/intel-oneapi-vtune-2025.8.0-2fhxzmrojvty4kvv5fwfu6e75tpupkda/vtune/2025.8/lib64/runtime
649 [22567693452864] INFO perfrun.mrte <> - LD_LIBRARY_PATH=/shared/courseSharedFolders/161588outer/161588/spack/opt/spack/linux-cascadelake/intel-oneapi-vtune-2025.8.0-2fhxzmrojvty4kvv5fwfu6e75tpupkda/vtune/2025.8/lib32/runtime:/shared/courseSharedFolders/161588outer/161588/spack/opt/spack/linux-cascadelake/intel-oneapi-vtune-2025.8.0-2fhxzmrojvty4kvv5fwfu6e75tpupkda/vtune/2025.8/lib64/runtime
649 [22567693452864] INFO perfrun.mrte <> - CORECLR_ENABLE_PROFILING=1
649 [22567693452864] INFO perfrun.mrte <> - CORECLR_PROFILER={AA5E4821-E3B1-479c-B7FF-5AD047D22CED}
649 [22567693452864] INFO perfrun.mrte <> - CORECLR_PROFILER_PATH=/shared/courseSharedFolders/161588outer/161588/spack/opt/spack/linux-cascadelake/intel-oneapi-vtune-2025.8.0-2fhxzmrojvty4kvv5fwfu6e75tpupkda/vtune/2025.8/lib64/libamplxe_samplingmrte_clrprof_1.0.so
649 [22567693452864] INFO perfrun.mrte <> - INTEL_MRTE_PROFILER_MODE=mixed
649 [22567693452864] INFO perfrun.mrte <> - Data directory: /tmp/amplxe-tmp-brl399/amplxe-res-178442-72270724702716/data.0
649 [22567693452864] INFO perfrun.mrte <> - Mrte plugin is initialized
649 [22567693452864] INFO perfrun.launcher <> - plugin [emon] was disabled because it doesn't support the given collection type.
650 [22567693452864] INFO perfrun.launcher <> - plugin [cuscol] was disabled because it doesn't support the given collection type.
650 [22567693452864] INFO perfrun.launcher <> - plugin [stdsrc] was disabled because it doesn't support the given collection type.
650 [22567693452864] INFO perfrun.launcher <> - plugin [sep] was disabled because it doesn't support the given collection type.
650 [22567693452864] INFO perfrun.launcher <> - plugin [vtsspp] was disabled because it doesn't support the given collection type.
650 [22567693452864] INFO perfrun.launcher <> - plugin [perf] was disabled because it doesn't support the given collection type.
650 [22567693452864] INFO perfrun.launcher <> - plugin [aoclprofile] was disabled because it doesn't support the given collection type.
650 [22567693452864] INFO perfrun.tpss <> - initialize tpss controller
650 [22567693452864] INFO perfrun.tpss <> - configure collection mode: value = cpu:stack
650 [22567693452864] INFO perfrun.tpss <> - default obj-size-min=1024
650 [22567693452864] INFO perfrun.tpss <> - default hash-table-size=0
650 [22567693452864] INFO perfrun.launcher <> - plugin [media] was disabled because it doesn't support the given collection type.
650 [22567693452864] INFO perfrun.launcher <> - plugin [] was disabled because it doesn't support the given collection type.
650 [22567693452864] INFO perfrun.launcher <> - plugin [] was disabled because it doesn't support the given collection type.
650 [22567693452864] INFO perfrun.launcher <> - plugin [parallelfs] was disabled because it doesn't support the given collection type.
650 [22567693452864] INFO perfrun.launcher <> - plugin [power] was disabled because it doesn't support the given collection type.
650 [22567693452864] INFO perfrun.launcher <> - plugin [] was disabled because it doesn't support the given collection type.
650 [22567693452864] INFO perfrun.launcher <> - plugin [] was disabled because it doesn't support the given collection type.
650 [22567693452864] INFO perfrun.launcher <> - plugin [] was disabled because it doesn't support the given collection type.
650 [22567693452864] INFO perfrun.launcher <> - plugin [l0_metrics] was disabled because it doesn't support the given collection type.
650 [22567693452864] INFO perfrun.launcher <> - plugin [stall_reasons] was disabled because it doesn't support the given collection type.
650 [22567705741184] INFO perfrun.launcher <> - set environment variable: LD_LIBRARY_PATH = /shared/courseSharedFolders/161588outer/161588/spack/opt/spack/linux-cascadelake/intel-oneapi-vtune-2025.8.0-2fhxzmrojvty4kvv5fwfu6e75tpupkda/vtune/2025.8/lib32/runtime:/shared/courseSharedFolders/161588outer/161588/spack/opt/spack/linux-cascadelake/intel-oneapi-vtune-2025.8.0-2fhxzmrojvty4kvv5fwfu6e75tpupkda/vtune/2025.8/lib64/runtime
650 [22567705741184] INFO perfrun.launcher <> - set environment variable: INTEL_LIBITTNOTIFY32 = /shared/courseSharedFolders/161588outer/161588/spack/opt/spack/linux-cascadelake/intel-oneapi-vtune-2025.8.0-2fhxzmrojvty4kvv5fwfu6e75tpupkda/vtune/2025.8/lib32/runtime/libittnotify_collector.so
650 [22567705741184] INFO perfrun.launcher <> - set environment variable: INTEL_LIBITTNOTIFY64 = /shared/courseSharedFolders/161588outer/161588/spack/opt/spack/linux-cascadelake/intel-oneapi-vtune-2025.8.0-2fhxzmrojvty4kvv5fwfu6e75tpupkda/vtune/2025.8/lib64/runtime/libittnotify_collector.so
650 [22567705741184] INFO perfrun.launcher <> - set environment variable: INTEL_ITTNOTIFY_GROUPS = 
650 [22567705741184] INFO perfrun.launcher <> - set environment variable: INTEL_JIT_PROFILER32 = /shared/courseSharedFolders/161588outer/161588/spack/opt/spack/linux-cascadelake/intel-oneapi-vtune-2025.8.0-2fhxzmrojvty4kvv5fwfu6e75tpupkda/vtune/2025.8/lib32/runtime/libittnotify_collector.so
650 [22567705741184] INFO perfrun.launcher <> - set environment variable: INTEL_JIT_PROFILER64 = /shared/courseSharedFolders/161588outer/161588/spack/opt/spack/linux-cascadelake/intel-oneapi-vtune-2025.8.0-2fhxzmrojvty4kvv5fwfu6e75tpupkda/vtune/2025.8/lib64/runtime/libittnotify_collector.so
650 [22567705741184] INFO perfrun.launcher <> - set environment variable: CCL_ITT_LEVEL = 1
650 [22567705741184] INFO perfrun.launcher <> - set environment variable: ENABLE_JITPROFILING = 1
650 [22567705741184] INFO perfrun.launcher <> - set environment variable: CL_CONFIG_USE_VTUNE = True
650 [22567705741184] INFO perfrun.launcher <> - set environment variable: KMP_FORKJOIN_FRAMES = 0
650 [22567705741184] INFO perfrun.launcher <> - set environment variable: KMP_FORKJOIN_FRAMES_MODE = 0
650 [22567705741184] INFO perfrun.launcher <> - set environment variable: INTEL_MRTE_DATA_DIR = /tmp/amplxe-tmp-brl399/amplxe-res-178442-72270724702716/data.0
650 [22567705741184] INFO perfrun.launcher <> - set environment variable: INTEL_MRTE_HOST_NAME = general-dy-general-cr-21
650 [22567705741184] INFO perfrun.launcher <> - set environment variable: JAVA_TOOL_OPTIONS = -agentlib:amplxe_samplingmrte_javaprof_1.0 -Dsun.boot.library.path=/shared/courseSharedFolders/161588outer/161588/spack/opt/spack/linux-cascadelake/intel-oneapi-vtune-2025.8.0-2fhxzmrojvty4kvv5fwfu6e75tpupkda/vtune/2025.8/lib32/runtime:/shared/courseSharedFolders/161588outer/161588/spack/opt/spack/linux-cascadelake/intel-oneapi-vtune-2025.8.0-2fhxzmrojvty4kvv5fwfu6e75tpupkda/vtune/2025.8/lib64/runtime
650 [22567705741184] INFO perfrun.launcher <> - set environment variable: LD_LIBRARY_PATH = /shared/courseSharedFolders/161588outer/161588/spack/opt/spack/linux-cascadelake/intel-oneapi-vtune-2025.8.0-2fhxzmrojvty4kvv5fwfu6e75tpupkda/vtune/2025.8/lib32/runtime:/shared/courseSharedFolders/161588outer/161588/spack/opt/spack/linux-cascadelake/intel-oneapi-vtune-2025.8.0-2fhxzmrojvty4kvv5fwfu6e75tpupkda/vtune/2025.8/lib64/runtime
650 [22567705741184] INFO perfrun.launcher <> - set environment variable: CORECLR_ENABLE_PROFILING = 1
650 [22567705741184] INFO perfrun.launcher <> - set environment variable: CORECLR_PROFILER = {AA5E4821-E3B1-479c-B7FF-5AD047D22CED}
650 [22567705741184] INFO perfrun.launcher <> - set environment variable: CORECLR_PROFILER_PATH = /shared/courseSharedFolders/161588outer/161588/spack/opt/spack/linux-cascadelake/intel-oneapi-vtune-2025.8.0-2fhxzmrojvty4kvv5fwfu6e75tpupkda/vtune/2025.8/lib64/libamplxe_samplingmrte_clrprof_1.0.so
650 [22567705741184] INFO perfrun.launcher <> - set environment variable: INTEL_MRTE_PROFILER_MODE = mixed
650 [22567705741184] INFO perfrun.launcher <> - RpcServer: run RPC server to handle requests
660 [22567705741184] INFO perfrun.launcher <> - Launcher: command line to start before modification = ./cholesky_openmp 1024 3
664 [22567705741184] INFO perfrun.launcher <> - Launcher: command line to start after modification = /shared/courseSharedFolders/161588outer/161588/spack/opt/spack/linux-cascadelake/intel-oneapi-vtune-2025.8.0-2fhxzmrojvty4kvv5fwfu6e75tpupkda/vtune/2025.8/bin64/pin -error_file /tmp/amplxe-tmp-brl399/amplxe-res-178442-72270724702716/data.0/pinerr.tpsslog -detach_reattach -follow_execv -tool_load_option deepbind -t64 /shared/courseSharedFolders/161588outer/161588/spack/opt/spack/linux-cascadelake/intel-oneapi-vtune-2025.8.0-2fhxzmrojvty4kvv5fwfu6e75tpupkda/vtune/2025.8/lib64/libtpsstool.so -t /shared/courseSharedFolders/161588outer/161588/spack/opt/spack/linux-cascadelake/intel-oneapi-vtune-2025.8.0-2fhxzmrojvty4kvv5fwfu6e75tpupkda/vtune/2025.8/lib32/libtpsstool.so -server_name tpss_ipc.178442 -prd_dir /shared/courseSharedFolders/161588outer/161588/spack/opt/spack/linux-cascadelake/intel-oneapi-vtune-2025.8.0-2fhxzmrojvty4kvv5fwfu6e75tpupkda/vtune/2025.8 -- ./cholesky_openmp 1024 3
664 [22567705741184] INFO perfrun.launcher <> - ProcessCreator object was created
666 [22567705741184] INFO perfrun.launcher <> - Launcher: the process was started in suspend mode
669 [22567693452864] WARN perfrun.system <> - Could not do anything with /sys/kernel/debug/kvm: boost::filesystem::status: Permission denied [system:13]: "/sys/kernel/debug/kvm", at file: vcs/perfrun1/plugins/system/src/trace_writer.cpp:791
669 [22567693452864] WARN perfrun.system <> - Folder "/var/run/libvirt/qemu/"doesn't exist, at file: vcs/perfrun1/plugins/system/src/trace_writer.cpp:804
672 [22567693452864] WARN perfrun.sdk <> - Failed to find xl binary on any of the system paths: /bin, /sbin, /usr/bin, /usr/sbin., at file: vcs/perfrun1/sdk/src/utils.cpp:205
672 [22567693452864] WARN perfrun.system <> - Could not start ContainerMapping collector, at file: vcs/perfrun1/plugins/system/src/controller.cpp:450
690 [22567693452864] INFO perfrun.vdso <> - Helper runtool '/shared/courseSharedFolders/161588outer/161588/spack/opt/spack/linux-cascadelake/intel-oneapi-vtune-2025.8.0-2fhxzmrojvty4kvv5fwfu6e75tpupkda/vtune/2025.8/bin32/amplxe-runss -dump-vdso -r /tmp/amplxe-tmp-brl399/amplxe-res-178442-72270724702716 --tmp-dir /tmp/amplxe-tmp-brl399' returned 1
973 [22567693452864] INFO perfrun.vdso <> - Helper runtool '/shared/courseSharedFolders/161588outer/161588/spack/opt/spack/linux-cascadelake/intel-oneapi-vtune-2025.8.0-2fhxzmrojvty4kvv5fwfu6e75tpupkda/vtune/2025.8/bin64/amplxe-runss -dump-vdso -r /tmp/amplxe-tmp-brl399/amplxe-res-178442-72270724702716 --tmp-dir /tmp/amplxe-tmp-brl399' returned 0
973 [22567693452864] INFO perfrun.itt <> - start itt controller for pid #178454
973 [22567693452864] INFO perfrun.tpss <> - start tpss controller for pid #178454
1023 [22567705741184] INFO perfrun.launcher <> - Launcher: all plugins were started
1024 [22567705741184] INFO perfrun.launcher <> - DirectoryMonitor object was created
1024 [22567705741184] INFO perfrun.launcher <> - DirectoryMonitor: a callback was added
1024 [22567705741184] INFO perfrun.launcher <> - DirectoryMonitor was started with pingTime = 1000
1024 [22567705741184] INFO perfrun.launcher <> - DeadlineTimer is going to be constructed
1024 [22567705741184] INFO perfrun.launcher <> - DeadlineTimer: a callback was added
1060 [22567705741184] INFO perfrun.launcher <> - Launcher: resume the profiled application and  wait its termination or stop command
12994 [22567705741184] INFO perfrun.launcher <> - Launcher: the profiled application was terminated  with exit code = 0
13003 [22567693452864] INFO perfrun.itt <> - detach itt controller
13003 [22567693452864] INFO perfrun.itt <> - detach itt controller done
13003 [22567693452864] INFO perfrun.tpss <> - stop tpss controller
13003 [22567693452864] INFO perfrun.sdk <> - De-allocating TMU: /tmp/amplxe-tmp-brl399/amplxe-res-178442-72270724702716/data.0/systemcollector-178442-general-dy-general-cr-21.sc
13003 [22567693452864] INFO perfrun.system <> - closed the system trace file: /tmp/amplxe-tmp-brl399/amplxe-res-178442-72270724702716/data.0/systemcollector-178442-general-dy-general-cr-21.sc
13004 [22567705741184] INFO perfrun.launcher <> - Launcher: all plugins were stopped.
13004 [22567705741184] INFO perfrun.launcher <> - DeadlineTimer is going to be destroyed
13004 [22567705741184] INFO perfrun.launcher <> - DeadlineTimer was destroyed
13004 [22567705741184] INFO perfrun.launcher <> - DirectoryMonitor object was destroyed
13004 [22567705741184] WARN perfrun.launcher <> - Stop command is ignored because it is received when collection is already stopped, at file: vcs/perfrun1/launcher/src/command_handler.cpp:226
13612 [22567705741184] INFO perfrun.launcher <> - Application exit code: 0
13612 [22567705741184] INFO perfrun.launcher <> - Exit code: 0
