Using Spack setup: /shared/home/brl399/161588/spack/share/spack/setup-env.sh
Using vtune from: /shared/home/brl399/161588/spack/opt/spack/linux-cascadelake/intel-oneapi-vtune-2025.8.0-2fhxzmrojvty4kvv5fwfu6e75tpupkda/vtune/latest/bin64
Intel(R) VTune(TM) Profiler 2025.8.0 (build 631311) Command Line Tool
Copyright (C) 2009 Intel Corporation. All rights reserved.
### VTune: hotspots ###
vtune: Collection started. To stop the collection, either press CTRL-C or enter from another console window: vtune -r /shared/home/brl399/project-brl399/openmp/vtune_hotspots -command stop.
OpenMP Cholesky factorization: N = 1024, threads = 16, repeats = 3
  run 1: 0.054533 s
  run 2: 0.054565 s
  run 3: 0.054930 s
  Best time:  0.054533 s
  Avg time:   0.054676 s
  GFLOP/s:    6.563
  Residual:   1.48e-10
vtune: Collection stopped.
vtune: Using result path `/shared/home/brl399/project-brl399/openmp/vtune_hotspots'

vtune: Executing actions  0 %                                                  
vtune: Executing actions  0 % Finalizing results                               
vtune: Executing actions  0 % Finalizing the result                            
vtune: Executing actions  0 % Clearing the database                            
vtune: Executing actions  7 % Clearing the database                            
vtune: Executing actions  7 % Loading raw data to the database                 
vtune: Executing actions  7 % Loading 'systemcollector-178442-general-dy-genera
vtune: Executing actions 12 % Loading 'systemcollector-178442-general-dy-genera
vtune: Executing actions 12 % Loading '178442-178454.0.trace' file             
vtune: Executing actions 12 % Updating precomputed scalar metrics              
vtune: Executing actions 14 % Updating precomputed scalar metrics              
vtune: Executing actions 14 % Processing profile metrics and debug information 
vtune: Executing actions 19 % Processing profile metrics and debug information 
vtune: Executing actions 19 % Setting data model parameters                    
vtune: Executing actions 19 % Resolving module symbols                         
vtune: Executing actions 19 % Resolving information for `libc.so.6'            
vtune: Executing actions 19 % Resolving information for `libgomp.so.1'         
vtune: Executing actions 19 % Resolving information for `cholesky_openmp'      
vtune: Warning: Cannot locate debugging information for file `/lib64/libc.so.6'.

vtune: Executing actions 19 % Resolving information for `libtpsstool.so'       
vtune: Executing actions 20 % Resolving information for `libtpsstool.so'       
vtune: Warning: Cannot locate debugging information for file `/shared/courseSharedFolders/161588outer/161588/spack/opt/spack/linux-cascadelake/intel-oneapi-vtune-2025.8.0-2fhxzmrojvty4kvv5fwfu6e75tpupkda/vtune/2025.8/lib64/libtpsstool.so'.

vtune: Executing actions 21 % Resolving information for `libtpsstool.so'       
vtune: Executing actions 22 % Resolving information for `libtpsstool.so'       
vtune: Executing actions 22 % Resolving bottom user stack information          
vtune: Executing actions 23 % Resolving bottom user stack information          
vtune: Executing actions 23 % Resolving thread name information                
vtune: Executing actions 24 % Resolving thread name information                
vtune: Executing actions 24 % Resolving call target names for dynamic code     
vtune: Executing actions 25 % Resolving call target names for dynamic code     
vtune: Executing actions 25 % Resolving interrupt name information             
vtune: Executing actions 26 % Resolving interrupt name information             
vtune: Executing actions 26 % Processing profile metrics and debug information 
vtune: Executing actions 28 % Processing profile metrics and debug information 
vtune: Executing actions 29 % Processing profile metrics and debug information 
vtune: Executing actions 30 % Processing profile metrics and debug information 
vtune: Executing actions 30 % Setting data model parameters                    
vtune: Executing actions 30 % Precomputing frequently used data                
vtune: Executing actions 30 % Precomputing frequently used data                
vtune: Executing actions 31 % Precomputing frequently used data                
vtune: Executing actions 33 % Precomputing frequently used data                
vtune: Executing actions 34 % Precomputing frequently used data                
vtune: Executing actions 36 % Precomputing frequently used data                
vtune: Executing actions 36 % Updating precomputed scalar metrics              
vtune: Executing actions 37 % Updating precomputed scalar metrics              
vtune: Executing actions 37 % Discarding redundant overtime data               
vtune: Executing actions 39 % Discarding redundant overtime data               
vtune: Executing actions 39 % Saving the result                                
vtune: Executing actions 41 % Saving the result                                
vtune: Executing actions 42 % Saving the result                                
vtune: Executing actions 49 % Saving the result                                
vtune: Executing actions 50 % Saving the result                                
vtune: Executing actions 50 % Generating a report                              
vtune: Executing actions 50 % Setting data model parameters                    
vtune: Executing actions 75 % Setting data model parameters                    
vtune: Executing actions 75 % Generating a report                              Elapsed Time: 10.708s
    CPU Time: 13.960s
        Effective Time: 13.270s
        Spin Time: 0.670s
            Imbalance or Serial Spinning: 0.670s
            Lock Contention: 0s
            Other: 0s
        Overhead Time: 0.020s
            Creation: 0.020s
            Scheduling: 0s
            Reduction: 0s
            Atomics: 0s
            Other: 0s
    Total Thread Count: 16
    Paused Time: 0s

Top Hotspots
Function                    Module           CPU Time  % of CPU Time(%)
--------------------------  ---------------  --------  ----------------
generate_spd_matrix         cholesky_openmp    9.790s             70.1%
cholesky_openmp._omp_fn.0   cholesky_openmp    2.790s             20.0%
verify                      cholesky_openmp    0.670s              4.8%
gomp_team_barrier_wait_end  libgomp.so.1       0.670s              4.8%
rand                        libc.so.6          0.020s              0.1%
gomp_team_end               libgomp.so.1       0.020s              0.1%
Collection and Platform Info
    Application Command Line: ./cholesky_openmp "1024" "3" 
    Operating System: 6.1.166-197.305.amzn2023.x86_64 
    Computer Name: general-dy-general-cr-21
    Result Size: 3.9 MB 
    Collection start time: 00:22:30 07/05/2026 UTC
    Collection stop time: 00:22:42 07/05/2026 UTC
    Collector Type: User-mode sampling and tracing
    CPU
        Name: Unknown
        Frequency: 3.000 GHz
        Logical CPU Count: 48
        Cache Allocation Technology
            Level 2 capability: not detected
            Level 3 capability: not detected

If you want to skip descriptions of detected performance issues in the report,
enter: vtune -report summary -report-knob show-issues=false -r <my_result_dir>.
Alternatively, you may view the report in the csv format: vtune -report
<report_name> -format=csv.

vtune: Executing actions 100 % Generating a report                             
vtune: Executing actions 100 % done                                            
vtune: Using result path `/shared/home/brl399/project-brl399/openmp/vtune_hotspots'

vtune: Executing actions  0 %                                                  
vtune: Executing actions  0 % Finalizing results                               
vtune: Executing actions 50 % Finalizing results                               
vtune: Executing actions 50 % Generating a report                              
vtune: Executing actions 50 % Setting data model parameters                    
vtune: Executing actions 75 % Setting data model parameters                    
vtune: Executing actions 75 % Generating a report                              Elapsed Time: 10.708s
    CPU Time: 13.960s
        Effective Time: 13.270s
        Spin Time: 0.670s
            Imbalance or Serial Spinning: 0.670s
            Lock Contention: 0s
            Other: 0s
        Overhead Time: 0.020s
            Creation: 0.020s
            Scheduling: 0s
            Reduction: 0s
            Atomics: 0s
            Other: 0s
    Total Thread Count: 16
    Paused Time: 0s

Top Hotspots
Function                    Module           CPU Time  % of CPU Time(%)
--------------------------  ---------------  --------  ----------------
generate_spd_matrix         cholesky_openmp    9.790s             70.1%
cholesky_openmp._omp_fn.0   cholesky_openmp    2.790s             20.0%
verify                      cholesky_openmp    0.670s              4.8%
gomp_team_barrier_wait_end  libgomp.so.1       0.670s              4.8%
rand                        libc.so.6          0.020s              0.1%
gomp_team_end               libgomp.so.1       0.020s              0.1%
Collection and Platform Info
    Application Command Line: ./cholesky_openmp "1024" "3" 
    Operating System: 6.1.166-197.305.amzn2023.x86_64 
    Computer Name: general-dy-general-cr-21
    Result Size: 3.9 MB 
    Collection start time: 00:22:30 07/05/2026 UTC
    Collection stop time: 00:22:42 07/05/2026 UTC
    Collector Type: User-mode sampling and tracing
    CPU
        Name: Unknown
        Frequency: 3.000 GHz
        Logical CPU Count: 48
        Cache Allocation Technology
            Level 2 capability: not detected
            Level 3 capability: not detected

If you want to skip descriptions of detected performance issues in the report,
enter: vtune -report summary -report-knob show-issues=false -r <my_result_dir>.
Alternatively, you may view the report in the csv format: vtune -report
<report_name> -format=csv.

vtune: Executing actions 100 % Generating a report                             
vtune: Executing actions 100 % done                                            

--- Top hotspot functions ---
vtune: Using result path `/shared/home/brl399/project-brl399/openmp/vtune_hotspots'

vtune: Executing actions  0 %                                                  
vtune: Executing actions  0 % Finalizing results                               
vtune: Executing actions 50 % Finalizing results                               
vtune: Executing actions 50 % Generating a report                              
vtune: Executing actions 50 % Setting data model parameters                    
vtune: Executing actions 75 % Setting data model parameters                    
vtune: Executing actions 75 % Generating a report                              Function                    CPU Time  CPU Time:Effective Time  CPU Time:Spin Time  CPU Time:Spin Time:Imbalance or Serial Spinning  CPU Time:Spin Time:Lock Contention  CPU Time:Spin Time:Other  CPU Time:Overhead Time  CPU Time:Overhead Time:Creation  CPU Time:Overhead Time:Scheduling  CPU Time:Overhead Time:Reduction  CPU Time:Overhead Time:Atomics  CPU Time:Overhead Time:Other  Module           Function (Full)                            Source File          Start Address
--------------------------  --------  -----------------------  ------------------  -----------------------------------------------  ----------------------------------  ------------------------  ----------------------  -------------------------------  ---------------------------------  --------------------------------  ------------------------------  ----------------------------  ---------------  -----------------------------------------  -------------------  -------------
generate_spd_matrix           9.790s                   9.790s                  0s                                               0s                                  0s                        0s                      0s                               0s                                 0s                                0s                              0s                            0s  cholesky_openmp  generate_spd_matrix(double*, int)          cholesky_openmp.cpp  0x401120     
cholesky_openmp._omp_fn.0     2.790s                   2.790s                  0s                                               0s                                  0s                        0s                      0s                               0s                                 0s                                0s                              0s                            0s  cholesky_openmp  cholesky_openmp._omp_fn.0                  cholesky_openmp.cpp  0x401580     
verify                        0.670s                   0.670s                  0s                                               0s                                  0s                        0s                      0s                               0s                                 0s                                0s                              0s                            0s  cholesky_openmp  verify(double const*, double const*, int)  cholesky_openmp.cpp  0x401a90     
gomp_team_barrier_wait_end    0.670s                       0s              0.650s                                           0.650s                                  0s                        0s                  0.020s                           0.020s                                 0s                                0s                              0s                            0s  libgomp.so.1     gomp_team_barrier_wait_end                 bar.c                0x249f0      
rand                          0.020s                   0.020s                  0s                                               0s                                  0s                        0s                      0s                               0s                                 0s                                0s                              0s                            0s  libc.so.6        rand                                       [Unknown]            0x43ef0      
gomp_team_end                 0.020s                       0s              0.020s                                           0.020s                                  0s                        0s                      0s                               0s                                 0s                                0s                              0s                            0s  libgomp.so.1     gomp_team_end                              team.c               0x234a0      

vtune: Executing actions 100 % Generating a report                             
vtune: Executing actions 100 % done                                            

### VTune: threading ###
vtune: Collection started. To stop the collection, either press CTRL-C or enter from another console window: vtune -r /shared/home/brl399/project-brl399/openmp/vtune_threading -command stop.
